<?xml version="1.0" encoding="UTF-8"?>
<!-- Generated by org.testng.reporters.JUnitXMLReporter -->
<testsuite ignored="0" hostname="latif" failures="1" tests="4" name="Command line test" time="40.944" errors="0" timestamp="2024-01-08T11:43:20 EST">
  <testcase classname="com.qa.testcases.HomePageTest" name="verifyMyAccountChangeTest" time="0.135">
    <failure type="java.lang.NullPointerException" message="Cannot invoke &amp;quot;org.openqa.selenium.WebElement.click()&amp;quot; because the return value of &amp;quot;com.qa.pages.HomePage.changeMyAccount()&amp;quot; is null">
      <![CDATA[java.lang.NullPointerException: Cannot invoke "org.openqa.selenium.WebElement.click()" because the return value of "com.qa.pages.HomePage.changeMyAccount()" is null
at com.qa.pages.HomePage.clickChangeIconButton(HomePage.java:31)
at com.qa.testcases.HomePageTest.verifyMyAccountChangeTest(HomePageTest.java:11)
at java.base/java.util.ArrayList.forEach(ArrayList.java:1511)
... Removed 37 stack frames]]>
    </failure>
  </testcase> <!-- verifyMyAccountChangeTest -->
  <testcase classname="com.qa.testcases.LoginPageTest" name="VerifyPageTitleTest" time="0.041"/>
  <testcase classname="com.qa.testcases.LoginPageTest" name="verifySignInMessageTest" time="5.903"/>
  <testcase classname="com.qa.testcases.LoginPageTest" name="verifyLogInTest" time="2.598"/>
</testsuite> <!-- Command line test -->
